<?xml version="1.0" encoding="UTF-8"?>
<!-- Generated by org.testng.reporters.JUnitReportReporter -->
<testsuite hostname="LAPTOP-3N9MTLMM" failures="0" tests="1" name="knila.loginfunction" time="38.411" errors="0" timestamp="2021-01-03T08:44:25 IST" skipped="0">
  <testcase classname="knila.loginfunction" name="login" time="38.411"/>
  <system-out/>
</testsuite> <!-- knila.loginfunction -->
