<?xml version="1.0" encoding="UTF-8"?>
<!-- Generated by org.testng.reporters.JUnitReportReporter -->
<testsuite hostname="LAPTOP-3N9MTLMM" failures="0" tests="1" name="knila.verify1" time="29.417" errors="0" timestamp="2021-01-02T21:15:30 IST" skipped="0">
  <testcase classname="knila.verify1" name="total" time="29.417"/>
  <system-out/>
</testsuite> <!-- knila.verify1 -->
