<?xml version="1.0" encoding="UTF-8"?>
<!-- Generated by org.testng.reporters.JUnitReportReporter -->
<testsuite hostname="LAPTOP-3N9MTLMM" failures="0" tests="1" name="knila.tournament" time="37.905" errors="0" timestamp="2021-01-06T18:29:34 IST" skipped="0">
  <testcase classname="knila.tournament" name="tour" time="37.905"/>
  <system-out/>
</testsuite> <!-- knila.tournament -->
