<?xml version="1.0" encoding="UTF-8"?>
<!-- Generated by org.testng.reporters.JUnitReportReporter -->
<testsuite hostname="LAPTOP-3N9MTLMM" failures="0" tests="1" name="knila.testing" time="37.684" errors="0" timestamp="2021-01-01T13:36:07 IST" skipped="0">
  <testcase classname="knila.testing" name="facebook" time="37.684"/>
  <system-out/>
</testsuite> <!-- knila.testing -->
