<?xml version="1.0" encoding="UTF-8"?>
<!-- Generated by org.testng.reporters.JUnitReportReporter -->
<testsuite hostname="LAPTOP-3N9MTLMM" failures="0" tests="1" name="knila.verify" time="42.415" errors="0" timestamp="2021-01-01T16:08:10 IST" skipped="0">
  <testcase classname="knila.verify" name="total" time="42.415"/>
  <system-out/>
</testsuite> <!-- knila.verify -->
