<?xml version="1.0" encoding="UTF-8"?>
<!-- Generated by org.testng.reporters.JUnitReportReporter -->
<testsuite hostname="LAPTOP-3N9MTLMM" failures="0" tests="1" name="knila.createevent" time="31.511" errors="0" timestamp="2021-01-06T18:29:34 IST" skipped="0">
  <testcase classname="knila.createevent" name="event" time="31.511"/>
  <system-out/>
</testsuite> <!-- knila.createevent -->
