<?xml version="1.0" encoding="UTF-8"?>
<!-- Generated by org.testng.reporters.JUnitReportReporter -->
<testsuite hostname="LAPTOP-3N9MTLMM" failures="0" tests="1" name="knila.demo" time="43.171" errors="0" timestamp="2021-01-06T18:29:34 IST" skipped="0">
  <testcase classname="knila.demo" name="project" time="43.171"/>
  <system-out/>
</testsuite> <!-- knila.demo -->
